2025-08-05T22:24:52.381Z - ID: 6892593a6ac37400019d1c24 - Estado: Ya revisada por grading-supervisor@zubale.comSubmission Result:  Num SoftReject ( 0 )Store:[4719] Liverpool - L PolancoStore Number: 0003
2025-08-05T22:24:54.027Z - ID: 6892542c60b7d300013b7bd8 - Estado: Aprobada
2025-08-05T22:24:55.671Z - ID: 6892365360b7d3000149ec1e - Estado: Aprobada
2025-08-05T22:24:58.399Z - ID: 689245cc199a8700018b86d9 - Estado: Ya revisada por grading-supervisor@zubale.comSubmission Result:  Num SoftReject ( 0 )Store:[4721] Liverpool - L PerisurStore Number: 0005
2025-08-05T22:25:26.380Z - ID: 68923b67620e2a0001dbf26f - Estado: Ya revisada por grading-supervisor@zubale.comSubmission Result:  Num SoftReject ( 0 )Store:[2578] Liverpool - L PueblaStore Number: 0072
2025-08-05T22:25:28.050Z - ID: 6892561c199a870001a19203 - Estado: Aprobada
2025-08-05T22:25:29.699Z - ID: 6892561c199a870001a19203 - Estado: Aprobada
2025-08-05T22:25:31.941Z - ID: 6892561c199a870001a19203 - Estado: Ya revisada por grading-supervisor@zubale.comSubmission Result:  Num SoftReject ( 0 )Store:[2552] Liverpool - L EcatepecStore Number: 0080
2025-08-05T22:25:33.574Z - ID: 6890d3590f519f00018d40a6 - Estado: Aprobada
2025-08-05T22:25:34.797Z - ID: 6890d3590f519f00018d40a6 - Estado: Aprobada
2025-08-05T22:25:36.540Z - ID: 6890d3590f519f00018d40a6 - Estado: Aprobada
2025-08-05T22:26:19.352Z - ID: 68923ecb0f11fc0001f17cfa - Estado: Aprobada
2025-08-05T22:27:03.118Z - ID: 68925b196ac37400011408df - Estado: Ya revisada por grading-supervisor@zubale.comSubmission Result:  Num SoftReject ( 0 )Store:[23480] Liverpool - L MitikahStore Number: 0176
2025-08-05T22:28:02.689Z - ID: 689228e9199a870001e11426 - Estado: Ya revisada por grading-supervisor@zubale.comSubmission Result:  Num SoftReject ( 0 )Store:[25134] Liverpool - L Paseo QuerétaroStore Number: 0455
2025-08-05T22:28:45.938Z - ID: 6892352e6ac374000167af33 - Estado: Ya revisada por grading-supervisor@zubale.comSubmission Result:  Num SoftReject ( 0 )Store:[4725] Liverpool - L LindavistaStore Number: 0083
2025-08-05T22:28:47.597Z - ID: 68922d880f11fc000105e83a - Estado: Aprobada
2025-08-05T22:29:15.118Z - ID: 6891485318438100010d8480 - Estado: Aprobada
2025-08-05T22:29:20.293Z - ID: 6891485318438100010d8480 - Estado: Ya revisada por grading-supervisor@zubale.comSubmission Result:  Num SoftReject ( 0 )Store:[23814] Liverpool - L CUERNAVACAStore Number: 0077
2025-08-05T22:29:23.024Z - ID: 689240580f11fc000109eef6 - Estado: Ya revisada por grading-supervisor@zubale.comSubmission Result:  Num SoftReject ( 0 )Store:[4721] Liverpool - L PerisurStore Number: 0005
2025-08-05T22:31:23.241Z - ID: 68923bd5199a8700018ccf26 - Estado: Ya revisada por grading-supervisor@zubale.comSubmission Result:  Num SoftReject ( 0 )Store:[23480] Liverpool - L MitikahStore Number: 0176
2025-08-05T22:31:51.288Z - ID: 6890d2be661cbc00013b0508 - Estado: Aprobada
2025-08-05T22:32:49.273Z - ID: 689247e9d8919000014f4834 - Estado: Ya revisada por grading-supervisor@zubale.comSubmission Result:  Num SoftReject ( 0 )Store:[23480] Liverpool - L MitikahStore Number: 0176
2025-08-05T22:33:47.768Z - ID: 6891228ff6a36f0001481ae2 - Estado: Aprobada
2025-08-05T22:33:48.904Z - ID: 6891228ff6a36f0001481ae2 - Estado: Aprobada
2025-08-05T22:33:50.526Z - ID: 6891228ff6a36f0001481ae2 - Estado: Ya revisada por grading-supervisor@zubale.comSubmission Result:  Num SoftReject ( 0 )Store:[4721] Liverpool - L PerisurStore Number: 0005
2025-08-05T22:34:18.074Z - ID: 68922de5d891900001d8ebde - Estado: Aprobada
2025-08-05T22:34:20.301Z - ID: 68922de5d891900001d8ebde - Estado: Ya revisada por grading-supervisor@zubale.comSubmission Result:  Num SoftReject ( 0 )Store:[2552] Liverpool - L EcatepecStore Number: 0080
2025-08-05T22:34:21.956Z - ID: 689221cdc58ec90001aa7f0a - Estado: Aprobada
2025-08-05T22:34:24.196Z - ID: 689221cdc58ec90001aa7f0a - Estado: Aprobada
2025-08-06T00:44:58.450Z - ID: 689240d30f11fc00015f3de3 - Estado: Aprobada
2025-08-06T00:45:13.758Z - ID: 689240d30f11fc00015f3de3 - Estado: Error - No se encontró Reviewer
2025-08-06T00:45:16.510Z - ID: 68923eb260b7d30001ade73c - Estado: Ya revisada por jhoin.mestanza@zubale.comSubmission Result:  Num SoftReject ( 0 )Store:[15996] Makro - CartagenaStore Number: 10503
2025-08-06T00:45:18.764Z - ID: 689271836ac37400012606b2 - Estado: Aprobada
2025-08-06T00:45:34.654Z - ID: 689271836ac37400012606b2 - Estado: Error - No se encontró Reviewer
2025-08-06T00:45:41.029Z - ID: 68927f15d891900001b9866b - Estado: Aprobada
2025-08-06T00:45:43.817Z - ID: 68927f15d891900001b9866b - Estado: Aprobada
2025-08-06T00:45:46.068Z - ID: 68927f15d891900001b9866b - Estado: Ya revisada por jhoin.mestanza@zubale.comSubmission Result:  Num SoftReject ( 2 )Store:[1452] Sams Club - SAMS Universidad CDMXStore Number: 6224
2025-08-06T00:45:48.328Z - ID: 68927f15d891900001b9866d - Estado: Aprobada
2025-08-06T00:45:50.099Z - ID: 68927f15d891900001b9866d - Estado: Error - No se encontró Reviewer
2025-08-06T19:34:00.793Z - ID: 6892a50660b7d300014c07b7 - Estado: Aprobada
2025-08-06T19:34:18.725Z - ID: 6892a50660b7d300014c07b7 - Estado: Error - No se encontró Reviewer
2025-08-06T19:34:23.221Z - ID: 68928abdd891900001466188 - Estado: Aprobada
2025-08-06T19:34:30.625Z - ID: 68936927d89190000133beef - Estado: Error - No se encontró Reviewer
2025-08-06T19:41:10.084Z - ID: 6893362a4011df00013e26b2 - Estado: Aprobada
2025-08-06T19:41:28.007Z - ID: 6893362a4011df00013e26b2 - Estado: Error - No se encontró Reviewer
2025-08-06T19:41:32.298Z - ID: 6892553b620e2a0001a84704 - Estado: Aprobada
2025-08-06T19:41:50.182Z - ID: 6891f8a7199a87000119d11a - Estado: Error - No se encontró Reviewer
2025-08-06T19:41:55.223Z - ID: 6892123e620e2a00010b241d - Estado: Aprobada
2025-08-06T19:42:00.188Z - ID: 689294cb0f11fc0001fa482c - Estado: Aprobada
2025-08-06T19:42:05.139Z - ID: 688c38df8fa6d10001cf0dd7 - Estado: Aprobada
2025-08-06T19:42:09.285Z - ID: 688c38df8fa6d10001cf0dd7 - Estado: Error - No se encontró Reviewer
8/6/2025, 6:28:50 PM - ID: 68933ffec58ec9000116c4b8 - Estado: Aprobada
8/6/2025, 6:29:08 PM - ID: 68933ffec58ec9000116c4b8 - Estado: Error - No se encontró Reviewer
8/6/2025, 6:29:13 PM - ID: 68928ca8c58ec9000116defe - Estado: Aprobada
8/6/2025, 6:29:18 PM - ID: 688c3648dfd501000188aefc - Estado: Aprobada
8/6/2025, 6:29:18 PM - ID: 688c3648dfd501000188aefc - Estado: Error - No se encontró Reviewer
8/6/2025, 6:34:24 PM - ID: 689382ee620e2a00010f92b3 - Estado: Aprobada
8/6/2025, 6:34:27 PM - ID: 688c3647d6f97a0001c7a861 - Estado: Error - No se encontró Reviewer
8/6/2025, 6:44:25 PM - ID: 6893773260b7d30001504f50 - Estado: Aprobada
8/6/2025, 6:44:43 PM - ID: 6893773260b7d30001504f50 - Estado: Aprobada
8/6/2025, 6:44:50 PM - ID: 68927fde0f11fc0001d66019 - Estado: Aprobada
8/6/2025, 6:45:02 PM - ID: 68929b3bd89190000119bbba - Estado: Aprobada
8/6/2025, 6:45:09 PM - ID: 68923835c58ec900017c6640 - Estado: Aprobada
8/6/2025, 6:45:17 PM - ID: 689382db620e2a0001fdda06 - Estado: Aprobada
8/6/2025, 6:45:26 PM - ID: 689238e9199a87000146ae5b - Estado: Aprobada
8/6/2025, 6:45:35 PM - ID: 6892adda4011df0001550e82 - Estado: Aprobada
8/6/2025, 6:45:47 PM - ID: 68938e76620e2a0001c1fc11 - Estado: Aprobada
8/6/2025, 6:46:00 PM - ID: 6893a13cd891900001ba2ce3 - Estado: Aprobada
8/6/2025, 6:46:05 PM - ID: 68928cd56ac3740001e9074d - Estado: Aprobada
8/6/2025, 6:46:09 PM - ID: 6893a7eb4011df000187dafa - Estado: Aprobada
8/6/2025, 6:46:18 PM - ID: 68923724620e2a0001e303ee - Estado: Aprobada
8/6/2025, 6:46:27 PM - ID: 6892601f0f11fc0001c9170b - Estado: Aprobada
8/6/2025, 6:46:34 PM - ID: 6892490e6ac3740001fac658 - Estado: Aprobada
8/6/2025, 6:46:41 PM - ID: 689391e70f11fc00018ee8b6 - Estado: Aprobada
8/6/2025, 6:46:51 PM - ID: 68926ea460b7d30001421346 - Estado: Aprobada
8/6/2025, 6:46:57 PM - ID: 68926fb9199a870001793f7b - Estado: Aprobada
8/6/2025, 6:47:05 PM - ID: 68938c4c199a8700016eca09 - Estado: Aprobada
8/6/2025, 6:48:11 PM - ID: 68927128d8919000016151c2 - Estado: Aprobada
8/6/2025, 6:49:02 PM - ID: 68938ed54011df0001b339eb - Estado: Aprobada
